
*** Running vivado
    with args -log vedic32_32.vdi -applog -m64 -product Vivado -messageDb vivado.pb -mode batch -source vedic32_32.tcl -notrace


****** Vivado v2017.2 (64-bit)
  **** SW Build 1909853 on Thu Jun 15 18:39:09 MDT 2017
  **** IP Build 1909766 on Thu Jun 15 19:58:00 MDT 2017
    ** Copyright 1986-2017 Xilinx, Inc. All Rights Reserved.

source vedic32_32.tcl -notrace
Command: open_checkpoint C:/Users/matthew/vedicMultiplier/vedicMultiplier.runs/impl_1/vedic32_32.dcp

Starting open_checkpoint Task

Time (s): cpu = 00:00:00 ; elapsed = 00:00:00.062 . Memory (MB): peak = 214.648 ; gain = 0.000
INFO: [Netlist 29-17] Analyzing 64 Unisim elements for replacement
INFO: [Netlist 29-28] Unisim Transformation completed in 0 CPU seconds
WARNING: [Netlist 29-101] Netlist 'vedic32_32' is not ideal for floorplanning, since the cellview 'vedic32_32' contains a large number of primitives.  Please consider enabling hierarchy in synthesis if you want to do floorplanning.
INFO: [Project 1-479] Netlist was created with Vivado 2017.2
INFO: [Device 21-403] Loading part xc7a100tcsg324-1
INFO: [Project 1-570] Preparing netlist for logic optimization
INFO: [Project 1-111] Unisim Transformation Summary:
No Unisim elements were transformed.

INFO: [Project 1-604] Checkpoint was created with Vivado v2017.2 (64-bit) build 1909853
open_checkpoint: Time (s): cpu = 00:00:08 ; elapsed = 00:00:13 . Memory (MB): peak = 525.129 ; gain = 316.766
Command: opt_design
Attempting to get a license for feature 'Implementation' and/or device 'xc7a100t-csg324'
INFO: [Common 17-349] Got license for feature 'Implementation' and/or device 'xc7a100t-csg324'
Running DRC as a precondition to command opt_design

Starting DRC Task
Command: report_drc (run_mandatory_drcs) for: opt_checks
INFO: [DRC 23-27] Running DRC with 2 threads
report_drc (run_mandatory_drcs) completed successfully
INFO: [Project 1-461] DRC finished with 0 Errors
INFO: [Project 1-462] Please refer to the DRC report (report_drc) for more information.

Time (s): cpu = 00:00:02 ; elapsed = 00:00:00.957 . Memory (MB): peak = 538.266 ; gain = 12.004
INFO: [Timing 38-35] Done setting XDC timing constraints.

Starting Logic Optimization Task

Phase 1 Retarget
INFO: [Opt 31-138] Pushed 0 inverter(s) to 0 load pin(s).
INFO: [Opt 31-49] Retargeted 0 cell(s).
Phase 1 Retarget | Checksum: 14435cbd1

Time (s): cpu = 00:00:00 ; elapsed = 00:00:00.251 . Memory (MB): peak = 1102.809 ; gain = 0.000
INFO: [Opt 31-389] Phase Retarget created 0 cells and removed 0 cells

Phase 2 Constant propagation
INFO: [Opt 31-138] Pushed 0 inverter(s) to 0 load pin(s).
Phase 2 Constant propagation | Checksum: 14435cbd1

Time (s): cpu = 00:00:00 ; elapsed = 00:00:00.399 . Memory (MB): peak = 1102.809 ; gain = 0.000
INFO: [Opt 31-389] Phase Constant propagation created 0 cells and removed 0 cells

Phase 3 Sweep
Phase 3 Sweep | Checksum: 14435cbd1

Time (s): cpu = 00:00:00 ; elapsed = 00:00:00.463 . Memory (MB): peak = 1102.809 ; gain = 0.000
INFO: [Opt 31-389] Phase Sweep created 0 cells and removed 0 cells

Phase 4 BUFG optimization
Phase 4 BUFG optimization | Checksum: 14435cbd1

Time (s): cpu = 00:00:00 ; elapsed = 00:00:00.604 . Memory (MB): peak = 1102.809 ; gain = 0.000
INFO: [Opt 31-389] Phase BUFG optimization created 0 cells and removed 0 cells

Phase 5 Shift Register Optimization
Phase 5 Shift Register Optimization | Checksum: 14435cbd1

Time (s): cpu = 00:00:00 ; elapsed = 00:00:00.618 . Memory (MB): peak = 1102.809 ; gain = 0.000
INFO: [Opt 31-389] Phase Shift Register Optimization created 0 cells and removed 0 cells

Starting Connectivity Check Task

Time (s): cpu = 00:00:00 ; elapsed = 00:00:00.024 . Memory (MB): peak = 1102.809 ; gain = 0.000
Ending Logic Optimization Task | Checksum: 14435cbd1

Time (s): cpu = 00:00:00 ; elapsed = 00:00:00.662 . Memory (MB): peak = 1102.809 ; gain = 0.000

Starting Power Optimization Task
INFO: [Pwropt 34-132] Skipping clock gating for clocks with a period < 2.00 ns.
Ending Power Optimization Task | Checksum: 14435cbd1

Time (s): cpu = 00:00:00 ; elapsed = 00:00:00.141 . Memory (MB): peak = 1102.809 ; gain = 0.000
21 Infos, 1 Warnings, 0 Critical Warnings and 0 Errors encountered.
opt_design completed successfully
opt_design: Time (s): cpu = 00:00:16 ; elapsed = 00:00:18 . Memory (MB): peak = 1102.809 ; gain = 577.680
INFO: [Common 17-1381] The checkpoint 'C:/Users/matthew/vedicMultiplier/vedicMultiplier.runs/impl_1/vedic32_32_opt.dcp' has been generated.
Command: report_drc -file vedic32_32_drc_opted.rpt
INFO: [DRC 23-27] Running DRC with 2 threads
INFO: [Coretcl 2-168] The results of DRC are in file C:/Users/matthew/vedicMultiplier/vedicMultiplier.runs/impl_1/vedic32_32_drc_opted.rpt.
report_drc completed successfully
INFO: [Chipscope 16-241] No debug cores found in the current design.
Before running the implement_debug_core command, either use the Set Up Debug wizard (GUI mode)
or use the create_debug_core and connect_debug_core Tcl commands to insert debug cores into the design.
Command: place_design
Attempting to get a license for feature 'Implementation' and/or device 'xc7a100t-csg324'
INFO: [Common 17-349] Got license for feature 'Implementation' and/or device 'xc7a100t-csg324'
Command: report_drc (run_mandatory_drcs) for: incr_eco_checks
INFO: [DRC 23-27] Running DRC with 2 threads
report_drc (run_mandatory_drcs) completed successfully
INFO: [Vivado_Tcl 4-198] DRC finished with 0 Errors
INFO: [Vivado_Tcl 4-199] Please refer to the DRC report (report_drc) for more information.
Running DRC as a precondition to command place_design
Command: report_drc (run_mandatory_drcs) for: placer_checks
INFO: [DRC 23-27] Running DRC with 2 threads
report_drc (run_mandatory_drcs) completed successfully
INFO: [Vivado_Tcl 4-198] DRC finished with 0 Errors
INFO: [Vivado_Tcl 4-199] Please refer to the DRC report (report_drc) for more information.

Starting Placer Task
INFO: [Place 30-611] Multithreading enabled for place_design using a maximum of 2 CPUs

Phase 1 Placer Initialization

Phase 1.1 Placer Initialization Netlist Sorting
Netlist sorting complete. Time (s): cpu = 00:00:00 ; elapsed = 00:00:00.002 . Memory (MB): peak = 1102.809 ; gain = 0.000
Phase 1.1 Placer Initialization Netlist Sorting | Checksum: f2382397

Time (s): cpu = 00:00:00 ; elapsed = 00:00:00.183 . Memory (MB): peak = 1102.809 ; gain = 0.000
Netlist sorting complete. Time (s): cpu = 00:00:00 ; elapsed = 00:00:00.002 . Memory (MB): peak = 1102.809 ; gain = 0.000

Phase 1.2 IO Placement/ Clock Placement/ Build Placer Device
INFO: [Timing 38-35] Done setting XDC timing constraints.
Phase 1.2 IO Placement/ Clock Placement/ Build Placer Device | Checksum: 140a86b94

Time (s): cpu = 00:00:04 ; elapsed = 00:00:04 . Memory (MB): peak = 1102.809 ; gain = 0.000

Phase 1.3 Build Placer Netlist Model
Phase 1.3 Build Placer Netlist Model | Checksum: 1ad983728

Time (s): cpu = 00:00:04 ; elapsed = 00:00:04 . Memory (MB): peak = 1102.809 ; gain = 0.000

Phase 1.4 Constrain Clocks/Macros
Phase 1.4 Constrain Clocks/Macros | Checksum: 1ad983728

Time (s): cpu = 00:00:04 ; elapsed = 00:00:04 . Memory (MB): peak = 1102.809 ; gain = 0.000
Phase 1 Placer Initialization | Checksum: 1ad983728

Time (s): cpu = 00:00:04 ; elapsed = 00:00:04 . Memory (MB): peak = 1102.809 ; gain = 0.000

Phase 2 Global Placement
WARNING: [Place 46-30] place_design is not in timing mode. Skip physical synthesis in placer
Phase 2 Global Placement | Checksum: 1e4f97ac1

Time (s): cpu = 00:00:06 ; elapsed = 00:00:06 . Memory (MB): peak = 1102.809 ; gain = 0.000

Phase 3 Detail Placement

Phase 3.1 Commit Multi Column Macros
Phase 3.1 Commit Multi Column Macros | Checksum: 1e4f97ac1

Time (s): cpu = 00:00:06 ; elapsed = 00:00:06 . Memory (MB): peak = 1102.809 ; gain = 0.000

Phase 3.2 Commit Most Macros & LUTRAMs
Phase 3.2 Commit Most Macros & LUTRAMs | Checksum: 1edca843d

Time (s): cpu = 00:00:06 ; elapsed = 00:00:06 . Memory (MB): peak = 1102.809 ; gain = 0.000

Phase 3.3 Area Swap Optimization
Phase 3.3 Area Swap Optimization | Checksum: 1b2e9152d

Time (s): cpu = 00:00:06 ; elapsed = 00:00:06 . Memory (MB): peak = 1102.809 ; gain = 0.000

Phase 3.4 Pipeline Register Optimization
Phase 3.4 Pipeline Register Optimization | Checksum: 1b2e9152d

Time (s): cpu = 00:00:06 ; elapsed = 00:00:06 . Memory (MB): peak = 1102.809 ; gain = 0.000

Phase 3.5 Small Shape Detail Placement
Phase 3.5 Small Shape Detail Placement | Checksum: 244c0d4d1

Time (s): cpu = 00:00:08 ; elapsed = 00:00:07 . Memory (MB): peak = 1102.809 ; gain = 0.000

Phase 3.6 Re-assign LUT pins
Phase 3.6 Re-assign LUT pins | Checksum: 244c0d4d1

Time (s): cpu = 00:00:08 ; elapsed = 00:00:08 . Memory (MB): peak = 1102.809 ; gain = 0.000

Phase 3.7 Pipeline Register Optimization
Phase 3.7 Pipeline Register Optimization | Checksum: 244c0d4d1

Time (s): cpu = 00:00:08 ; elapsed = 00:00:08 . Memory (MB): peak = 1102.809 ; gain = 0.000
Phase 3 Detail Placement | Checksum: 244c0d4d1

Time (s): cpu = 00:00:08 ; elapsed = 00:00:08 . Memory (MB): peak = 1102.809 ; gain = 0.000

Phase 4 Post Placement Optimization and Clean-Up

Phase 4.1 Post Commit Optimization
Phase 4.1 Post Commit Optimization | Checksum: 244c0d4d1

Time (s): cpu = 00:00:08 ; elapsed = 00:00:08 . Memory (MB): peak = 1102.809 ; gain = 0.000

Phase 4.2 Post Placement Cleanup
Phase 4.2 Post Placement Cleanup | Checksum: 244c0d4d1

Time (s): cpu = 00:00:08 ; elapsed = 00:00:08 . Memory (MB): peak = 1102.809 ; gain = 0.000

Phase 4.3 Placer Reporting
Phase 4.3 Placer Reporting | Checksum: 244c0d4d1

Time (s): cpu = 00:00:08 ; elapsed = 00:00:08 . Memory (MB): peak = 1102.809 ; gain = 0.000

Phase 4.4 Final Placement Cleanup
Phase 4.4 Final Placement Cleanup | Checksum: 244c0d4d1

Time (s): cpu = 00:00:08 ; elapsed = 00:00:08 . Memory (MB): peak = 1102.809 ; gain = 0.000
Phase 4 Post Placement Optimization and Clean-Up | Checksum: 244c0d4d1

Time (s): cpu = 00:00:08 ; elapsed = 00:00:08 . Memory (MB): peak = 1102.809 ; gain = 0.000
Ending Placer Task | Checksum: 19289a93c

Time (s): cpu = 00:00:08 ; elapsed = 00:00:08 . Memory (MB): peak = 1102.809 ; gain = 0.000
34 Infos, 2 Warnings, 0 Critical Warnings and 0 Errors encountered.
place_design completed successfully
place_design: Time (s): cpu = 00:00:10 ; elapsed = 00:00:10 . Memory (MB): peak = 1102.809 ; gain = 0.000
Writing placer database...
Writing XDEF routing.
Writing XDEF routing logical nets.
Writing XDEF routing special nets.
Write XDEF Complete: Time (s): cpu = 00:00:01 ; elapsed = 00:00:00.615 . Memory (MB): peak = 1102.809 ; gain = 0.000
INFO: [Common 17-1381] The checkpoint 'C:/Users/matthew/vedicMultiplier/vedicMultiplier.runs/impl_1/vedic32_32_placed.dcp' has been generated.
report_io: Time (s): cpu = 00:00:00 ; elapsed = 00:00:00.287 . Memory (MB): peak = 1102.809 ; gain = 0.000
report_utilization: Time (s): cpu = 00:00:00 ; elapsed = 00:00:00.058 . Memory (MB): peak = 1102.809 ; gain = 0.000
report_control_sets: Time (s): cpu = 00:00:00 ; elapsed = 00:00:00.002 . Memory (MB): peak = 1102.809 ; gain = 0.000
Command: route_design
Attempting to get a license for feature 'Implementation' and/or device 'xc7a100t-csg324'
INFO: [Common 17-349] Got license for feature 'Implementation' and/or device 'xc7a100t-csg324'
Running DRC as a precondition to command route_design
Command: report_drc (run_mandatory_drcs) for: router_checks
INFO: [DRC 23-27] Running DRC with 2 threads
report_drc (run_mandatory_drcs) completed successfully
INFO: [Vivado_Tcl 4-198] DRC finished with 0 Errors
INFO: [Vivado_Tcl 4-199] Please refer to the DRC report (report_drc) for more information.


Starting Routing Task
INFO: [Route 35-254] Multithreading enabled for route_design using a maximum of 2 CPUs
Checksum: PlaceDB: a05185a5 ConstDB: 0 ShapeSum: f2382397 RouteDB: 0

Phase 1 Build RT Design
Phase 1 Build RT Design | Checksum: 9a1b8c54

Time (s): cpu = 00:00:46 ; elapsed = 00:00:41 . Memory (MB): peak = 1247.465 ; gain = 144.656

Phase 2 Router Initialization
INFO: [Route 35-64] No timing constraints were detected. The router will operate in resource-optimization mode.

Phase 2.1 Fix Topology Constraints
Phase 2.1 Fix Topology Constraints | Checksum: 9a1b8c54

Time (s): cpu = 00:00:46 ; elapsed = 00:00:42 . Memory (MB): peak = 1252.594 ; gain = 149.785

Phase 2.2 Pre Route Cleanup
Phase 2.2 Pre Route Cleanup | Checksum: 9a1b8c54

Time (s): cpu = 00:00:46 ; elapsed = 00:00:42 . Memory (MB): peak = 1252.594 ; gain = 149.785
 Number of Nodes with overlaps = 0
Phase 2 Router Initialization | Checksum: 16aee329f

Time (s): cpu = 00:00:46 ; elapsed = 00:00:42 . Memory (MB): peak = 1256.539 ; gain = 153.730

Phase 3 Initial Routing
Phase 3 Initial Routing | Checksum: b29ee003

Time (s): cpu = 00:00:47 ; elapsed = 00:00:43 . Memory (MB): peak = 1257.387 ; gain = 154.578

Phase 4 Rip-up And Reroute

Phase 4.1 Global Iteration 0
 Number of Nodes with overlaps = 347
 Number of Nodes with overlaps = 0
Phase 4.1 Global Iteration 0 | Checksum: ea1fcbb2

Time (s): cpu = 00:00:49 ; elapsed = 00:00:44 . Memory (MB): peak = 1257.391 ; gain = 154.582
Phase 4 Rip-up And Reroute | Checksum: ea1fcbb2

Time (s): cpu = 00:00:49 ; elapsed = 00:00:44 . Memory (MB): peak = 1257.391 ; gain = 154.582

Phase 5 Delay and Skew Optimization
Phase 5 Delay and Skew Optimization | Checksum: ea1fcbb2

Time (s): cpu = 00:00:49 ; elapsed = 00:00:44 . Memory (MB): peak = 1257.391 ; gain = 154.582

Phase 6 Post Hold Fix

Phase 6.1 Hold Fix Iter
Phase 6.1 Hold Fix Iter | Checksum: ea1fcbb2

Time (s): cpu = 00:00:49 ; elapsed = 00:00:44 . Memory (MB): peak = 1257.391 ; gain = 154.582
Phase 6 Post Hold Fix | Checksum: ea1fcbb2

Time (s): cpu = 00:00:49 ; elapsed = 00:00:44 . Memory (MB): peak = 1257.391 ; gain = 154.582

Phase 7 Route finalize

Router Utilization Summary
  Global Vertical Routing Utilization    = 0.353179 %
  Global Horizontal Routing Utilization  = 0.38285 %
  Routable Net Status*
  *Does not include unroutable nets such as driverless and loadless.
  Run report_route_status for detailed report.
  Number of Failed Nets               = 0
  Number of Unrouted Nets             = 0
  Number of Partially Routed Nets     = 0
  Number of Node Overlaps             = 0

Congestion Report
North Dir 1x1 Area, Max Cong = 29.7297%, No Congested Regions.
South Dir 1x1 Area, Max Cong = 33.3333%, No Congested Regions.
East Dir 1x1 Area, Max Cong = 25%, No Congested Regions.
West Dir 1x1 Area, Max Cong = 29.4118%, No Congested Regions.
Phase 7 Route finalize | Checksum: ea1fcbb2

Time (s): cpu = 00:00:49 ; elapsed = 00:00:44 . Memory (MB): peak = 1257.391 ; gain = 154.582

Phase 8 Verifying routed nets

 Verification completed successfully
Phase 8 Verifying routed nets | Checksum: ea1fcbb2

Time (s): cpu = 00:00:49 ; elapsed = 00:00:44 . Memory (MB): peak = 1259.391 ; gain = 156.582

Phase 9 Depositing Routes
Phase 9 Depositing Routes | Checksum: f75ac866

Time (s): cpu = 00:00:49 ; elapsed = 00:00:44 . Memory (MB): peak = 1259.391 ; gain = 156.582
INFO: [Route 35-16] Router Completed Successfully

Time (s): cpu = 00:00:49 ; elapsed = 00:00:44 . Memory (MB): peak = 1259.391 ; gain = 156.582

Routing Is Done.
42 Infos, 2 Warnings, 0 Critical Warnings and 0 Errors encountered.
route_design completed successfully
route_design: Time (s): cpu = 00:00:53 ; elapsed = 00:00:47 . Memory (MB): peak = 1259.391 ; gain = 156.582
Writing placer database...
Writing XDEF routing.
Writing XDEF routing logical nets.
Writing XDEF routing special nets.
Write XDEF Complete: Time (s): cpu = 00:00:02 ; elapsed = 00:00:00.526 . Memory (MB): peak = 1259.391 ; gain = 0.000
INFO: [Common 17-1381] The checkpoint 'C:/Users/matthew/vedicMultiplier/vedicMultiplier.runs/impl_1/vedic32_32_routed.dcp' has been generated.
Command: report_drc -file vedic32_32_drc_routed.rpt -pb vedic32_32_drc_routed.pb -rpx vedic32_32_drc_routed.rpx
INFO: [DRC 23-27] Running DRC with 2 threads
INFO: [Coretcl 2-168] The results of DRC are in file C:/Users/matthew/vedicMultiplier/vedicMultiplier.runs/impl_1/vedic32_32_drc_routed.rpt.
report_drc completed successfully
Command: report_methodology -file vedic32_32_methodology_drc_routed.rpt -rpx vedic32_32_methodology_drc_routed.rpx
INFO: [Timing 38-35] Done setting XDC timing constraints.
INFO: [DRC 23-133] Running Methodology with 2 threads
INFO: [Coretcl 2-1520] The results of Report Methodology are in file C:/Users/matthew/vedicMultiplier/vedicMultiplier.runs/impl_1/vedic32_32_methodology_drc_routed.rpt.
report_methodology completed successfully
Command: report_power -file vedic32_32_power_routed.rpt -pb vedic32_32_power_summary_routed.pb -rpx vedic32_32_power_routed.rpx
WARNING: [Power 33-232] No user defined clocks were found in the design!
Resolution: Please specify clocks using create_clock/create_generated_clock for sequential elements. For pure combinatorial circuits, please specify a virtual clock, otherwise the vectorless estimation might be inaccurate
INFO: [Timing 38-35] Done setting XDC timing constraints.
Running Vector-less Activity Propagation...

Finished Running Vector-less Activity Propagation
49 Infos, 3 Warnings, 0 Critical Warnings and 0 Errors encountered.
report_power completed successfully
INFO: [Timing 38-91] UpdateTimingParams: Speed grade: -1, Delay Type: min_max.
INFO: [Timing 38-191] Multithreading enabled for timing update using a maximum of 2 CPUs
WARNING: [Timing 38-313] There are no user specified timing constraints. Timing constraints are needed for proper timing analysis.
INFO: [Common 17-206] Exiting Vivado at Tue Apr 24 11:56:48 2018...
