Vivado Simulator 2017.2
Copyright 1986-1999, 2001-2016 Xilinx, Inc. All Rights Reserved.
Running: C:/Xilinx/Vivado/2017.2/bin/unwrapped/win64.o/xelab.exe -wto 2b06270c8c564f4e933cc272c9fd19d6 --debug typical --relax --mt 2 -L xil_defaultlib -L unisims_ver -L unimacro_ver -L secureip --snapshot ThirtyTwobit_tb_behav xil_defaultlib.ThirtyTwobit_tb xil_defaultlib.glbl -log elaborate.log 
Using 2 slave threads.
Starting static elaboration
WARNING: [VRFC 10-278] actual bit length 16 differs from formal bit length 8 for port result [C:/Users/matthew/vedicMultiplier/vedicMultiplier.srcs/sources_1/new/vedic8_8.v:33]
WARNING: [VRFC 10-278] actual bit length 16 differs from formal bit length 8 for port result [C:/Users/matthew/vedicMultiplier/vedicMultiplier.srcs/sources_1/new/vedic8_8.v:34]
WARNING: [VRFC 10-278] actual bit length 16 differs from formal bit length 8 for port result [C:/Users/matthew/vedicMultiplier/vedicMultiplier.srcs/sources_1/new/vedic8_8.v:35]
WARNING: [VRFC 10-278] actual bit length 16 differs from formal bit length 8 for port result [C:/Users/matthew/vedicMultiplier/vedicMultiplier.srcs/sources_1/new/vedic8_8.v:36]
Completed static elaboration
Starting simulation data flow analysis
Completed simulation data flow analysis
Time Resolution for simulation is 1ps
Compiling module xil_defaultlib.twobitMultiplier
Compiling module xil_defaultlib.FullAdder
Compiling module xil_defaultlib.fourBitFullAdder
Compiling module xil_defaultlib.sixBitFullAdder
Compiling module xil_defaultlib.fourBitVedic
Compiling module xil_defaultlib.eightBitCRA
Compiling module xil_defaultlib.twelveBitCRA
Compiling module xil_defaultlib.vedic8_8
Compiling module xil_defaultlib.sixteenBitCRA
Compiling module xil_defaultlib.twentyfourBitCRA
Compiling module xil_defaultlib.vedic16_16
Compiling module xil_defaultlib.CRA32bit
Compiling module xil_defaultlib.CRA48bit
Compiling module xil_defaultlib.vedic32_32
Compiling module xil_defaultlib.ThirtyTwobit_tb
Compiling module xil_defaultlib.glbl
Built simulation snapshot ThirtyTwobit_tb_behav
