Unable to capture context for thread 7532 in process 9084, can not generate back trace
Unable to capture context for thread 8744 in process 9084, can not generate back trace
Unable to capture context for thread 7644 in process 9084, can not generate back trace
Exception at PC 0x00007FFC7226BB93
Printing stacktrace...

[0]  [0x00007FFC7226BB93]
[1]  [0x00007FFC7226BB93]
[2]  [0x00007FFC7226B4A1]
[3]  [0x00007FFC7226B3EF]
[4]  [0x00007FFC722519FE]
[5]  [0x00007FFC72250ED1]
[6]  [0x00007FFC72250D76]
[7]  [0x00007FFC721F79F6]
[8]  [0x00007FFC721E7AFB]
[9]  [0x00007FFC7230E90A]
[10]  [0x00007FFC72329F87]
[11]  [0x00007FFC7232A05F]
[12] (BaseThreadInitThunk+0x14) [0x00007FFCF39C1FE4]
[13] (RtlUserThreadStart+0x21) [0x00007FFCF50DEFC1]
Done
Exception at PC 0x00007FFC71F71A52
Attemped to write at address 0x00007FFCAA2AABA4
Printing stacktrace...

[0]  [0x00007FFC71F71A52]
[1]  [0x00007FFC71F71A52]
[2]  [0x00007FFC71F71AD4]
[3]  [0x00007FFC720B3FF7]
[4]  [0x00007FFC71F99128]
[5]  [0x00007FFC7224DFB9]
[6]  [0x00007FFC7241EF23]
[7]  [0x00007FFC7232B06B]
[8]  [0x00007FFC723208AF]
[9]  [0x00007FFC72320A32]
[10] (RtlDeactivateActivationContextUnsafeFast+0x1b3) [0x00007FFCF5081493]
[11] (LdrShutdownProcess+0x125) [0x00007FFCF50B06B5]
[12] (RtlExitUserProcess+0xb4) [0x00007FFCF50B0574]
[13] (ExitProcess+0xa) [0x00007FFCF39BF06A]
[14] (exit+0x75) [0x00007FFCF28C9B25]
[15] (initterm_e+0x21d) [0x00007FFCF28CA16D]
[16]  [0x00000000004014CD]
[17]  [0x000000000040151B]
[18] (BaseThreadInitThunk+0x14) [0x00007FFCF39C1FE4]
[19] (RtlUserThreadStart+0x21) [0x00007FFCF50DEFC1]
Done
