Vivado Simulator 2017.2
Copyright 1986-1999, 2001-2016 Xilinx, Inc. All Rights Reserved.
Running: C:/Xilinx/Vivado/2017.2/bin/unwrapped/win64.o/xelab.exe -wto 2b06270c8c564f4e933cc272c9fd19d6 --debug typical --relax --mt 2 --maxdelay -L xil_defaultlib -L simprims_ver -L secureip --snapshot ThirtyTwobit_tb_time_impl -transport_int_delays -pulse_r 0 -pulse_int_r 0 -pulse_e 0 -pulse_int_e 0 xil_defaultlib.ThirtyTwobit_tb xil_defaultlib.glbl -log elaborate.log 
Using 2 slave threads.
Starting static elaboration
Completed static elaboration
Starting simulation data flow analysis
Completed simulation data flow analysis
INFO: [XSIM 43-3451] SDF backannotation process started with SDF file "ThirtyTwobit_tb_time_impl.sdf", for root module "ThirtyTwobit_tb/mult".
INFO: [XSIM 43-3452] SDF backannotation was successful for SDF file "ThirtyTwobit_tb_time_impl.sdf", for root module "ThirtyTwobit_tb/mult".
Time Resolution for simulation is 1ps
Compiling module simprims_ver.IBUF
Compiling module simprims_ver.OBUF
Compiling module simprims_ver.x_lut2_mux4
Compiling module simprims_ver.LUT2
Compiling module simprims_ver.LUT4
Compiling module simprims_ver.LUT6
Compiling module simprims_ver.x_lut3_mux8
Compiling module simprims_ver.LUT3
Compiling module simprims_ver.LUT5
Compiling module xil_defaultlib.vedic32_32
Compiling module xil_defaultlib.ThirtyTwobit_tb
Compiling module xil_defaultlib.glbl
Built simulation snapshot ThirtyTwobit_tb_time_impl
